Model settings:
Alpha = 1, Features encoder depth = 33, Cognition encoder depth = 6, Latent space dimension = 6, Data normalized = True
Features encoder dimensions = [14753, 13006, 12264, 11775, 10875, 9729, 9303, 8852, 8000, 8000, 7642, 7175, 6949, 6810, 6311, 6000, 5823, 5583, 5245, 4990, 3629, 3000, 2732, 1950, 1655, 1500, 1414, 1032, 827, 665, 301, 135, 50]
Cognition encoder dimensions = [12, 11, 10, 9, 8, 7]
Learning curve mode = False
********************
  epoch    train_loss       valid_loss     dur
-------  ------------  ---------------  ------
      1        [36m2.2283[0m  [32m1723529504.6275[0m  3.6521
      2        [36m1.9798[0m  [32m1624568.7892[0m  2.2388
      3        [36m1.7798[0m     [32m5704.3789[0m  2.2381
      4        [36m1.6297[0m      [32m254.8842[0m  2.2354
      5        [36m1.5454[0m       [32m81.0489[0m  2.2332
      6        [36m1.5202[0m       [32m24.0166[0m  2.2399
      7        [36m1.4757[0m        [32m7.5110[0m  2.2336
      8        [36m1.4224[0m       11.8267  2.2335
      9        [36m1.3779[0m        7.7737  2.2323
     10        [36m1.3765[0m        8.7267  2.2425
     11        [36m1.3287[0m        [32m5.4657[0m  2.2468
     12        [36m1.3239[0m        [32m2.7151[0m  2.2361
     13        [36m1.2902[0m        5.9619  2.2347
     14        [36m1.2811[0m        3.1612  2.2352
     15        [36m1.2647[0m        7.4717  2.2384
     16        [36m1.2246[0m        5.9391  2.2336
     17        [36m1.2242[0m        3.7688  2.2383
     18        [36m1.2204[0m        7.1893  2.2348
     19        [36m1.2080[0m        [32m2.5449[0m  2.2405
     20        1.2110        [32m1.7542[0m  2.2369
     21        [36m1.1929[0m        3.7427  2.2364
     22        [36m1.1841[0m        1.8965  2.2367
     23        [36m1.1714[0m        3.2479  2.2402
     24        [36m1.1659[0m        3.7150  2.2360
     25        [36m1.1572[0m        5.0378  2.2356
     26        [36m1.1529[0m        3.6828  2.2411
     27        [36m1.1478[0m        2.0208  2.2394
     28        [36m1.1193[0m        2.7346  2.2425
     29        1.1333        1.9869  2.2352
     30        1.1451        [32m1.4334[0m  2.2365
     31        1.1195        3.3516  2.2497
     32        [36m1.1063[0m        2.3017  2.2392
     33        1.1207        2.4509  2.2356
     34        1.1215        1.7852  2.2370
     35        [36m1.1047[0m        [32m1.3045[0m  2.2392
     36        [36m1.0924[0m        1.6933  2.2443
     37        1.1073        1.6954  2.2403
     38        [36m1.0865[0m        1.6418  2.2383
     39        1.0894        1.4128  2.2393
     40        1.0940        [32m1.2382[0m  2.2427
     41        1.0897        1.2473  2.2416
     42        [36m1.0815[0m        [32m1.2178[0m  2.2398
     43        1.0853        1.8431  2.2394
     44        1.0816        [32m1.0925[0m  2.2391
     45        [36m1.0756[0m        1.4540  2.2438
     46        1.0853        1.1371  2.2417
     47        1.0793        1.1602  2.2381
     48        [36m1.0609[0m        1.1013  2.2357
     49        1.0701        [32m1.0129[0m  2.2421
     50        1.0749        1.2939  2.2401
     51        1.0651        1.1669  2.2365
     52        [36m1.0523[0m        1.2953  2.2377
     53        1.0525        1.5636  2.2367
     54        1.0557        1.2391  2.2409
     55        [36m1.0466[0m        1.0238  2.2423
     56        1.0655        1.0616  2.2418
     57        1.0580        1.4890  2.2337
     58        1.0649        1.0979  2.2448
     59        [36m1.0452[0m        [32m0.9630[0m  2.2450
     60        1.0544        1.0086  2.2393
     61        1.0485        1.0799  2.2407
     62        1.0510        1.2697  2.2383
     63        1.0477        1.1691  2.2413
     64        1.0461        1.1649  2.2421
     65        [36m1.0331[0m        1.2772  2.2415
     66        1.0353        1.3394  2.2389
     67        [36m1.0256[0m        0.9795  2.2434
     68        1.0341        0.9660  2.2497
     69        1.0282        1.0843  2.2477
     70        1.0379        0.9727  2.2429
     71        1.0294        1.1325  2.2435
     72        [36m1.0244[0m        1.0686  2.2413
     73        1.0321        1.0547  2.2428
     74        [36m1.0179[0m        1.0342  2.2393
     75        1.0278        [32m0.9527[0m  2.2429
     76        [36m1.0080[0m        0.9840  2.2416
     77        1.0330        1.0863  2.2447
     78        1.0186        1.0204  2.2421
     79        1.0154        1.0103  2.2419
     80        1.0273        0.9669  2.2398
     81        1.0185        0.9802  2.2463
     82        1.0145        1.1283  2.2404
     83        1.0178        [32m0.9461[0m  2.2440
     84        [36m1.0060[0m        1.0131  2.2351
     85        1.0092        [32m0.9431[0m  2.2373
     86        1.0204        0.9847  2.2536
     87        1.0173        1.0294  2.2464
     88        1.0117        0.9834  2.2433
     89        [36m0.9927[0m        1.0312  2.2407
     90        1.0172        0.9593  2.2457
     91        1.0004        1.0163  2.2433
     92        [36m0.9867[0m        0.9558  2.2458
     93        1.0022        1.0955  2.2442
     94        0.9934        [32m0.9385[0m  2.2391
     95        0.9946        1.0327  2.2458
     96        1.0039        0.9959  2.2430
     97        1.0070        0.9399  2.2408
     98        1.0175        1.0430  2.2430
     99        0.9941        0.9844  2.2422
    100        0.9987        1.1028  2.2440
    101        0.9969        0.9685  2.2404
    102        0.9897        [32m0.9290[0m  2.2474
    103        0.9977        1.0306  2.2426
    104        0.9956        0.9636  2.2441
    105        0.9947        0.9451  2.2440
    106        0.9957        1.0246  2.2471
    107        0.9929        0.9477  2.2401
    108        1.0088        0.9379  2.2440
    109        [36m0.9840[0m        1.0776  2.2424
    110        0.9880        [32m0.9198[0m  2.2436
    111        [36m0.9819[0m        0.9216  2.2445
    112        0.9893        1.0218  2.2420
    113        0.9981        0.9536  2.2420
    114        0.9973        0.9798  2.2542
    115        0.9944        1.0873  2.2473
    116        0.9864        1.0768  2.2450
    117        [36m0.9746[0m        1.0457  2.2413
    118        0.9979        [32m0.8992[0m  2.2461
    119        [36m0.9706[0m        1.0487  2.2433
    120        0.9873        0.9842  2.2385
    121        0.9813        0.9317  2.2423
    122        0.9836        0.9696  2.2428
    123        0.9836        0.9704  2.2500
    124        0.9753        0.9012  2.2478
    125        0.9883        [32m0.8906[0m  2.2422
    126        0.9811        0.9473  2.2372
    127        0.9802        0.9538  2.2449
    128        [36m0.9693[0m        [32m0.8831[0m  2.2416
    129        0.9760        0.9035  2.2421
    130        0.9723        0.9169  2.2443
    131        0.9840        0.9107  2.2423
    132        0.9796        0.8922  2.2435
    133        0.9721        0.9022  2.2412
    134        [36m0.9648[0m        0.9985  2.2409
    135        0.9791        0.9011  2.2391
    136        0.9730        [32m0.8823[0m  2.2460
    137        0.9686        0.8953  2.2460
    138        0.9769        0.8880  2.2439
    139        [36m0.9641[0m        0.9167  2.2397
    140        0.9700        0.9052  2.2391
    141        0.9713        0.9061  2.2454
    142        0.9658        1.1500  2.2486
    143        [36m0.9544[0m        0.9176  2.2477
    144        0.9647        0.9099  2.2432
    145        0.9639        0.9076  2.2484
    146        0.9552        [32m0.8719[0m  2.2422
    147        0.9611        0.9279  2.2425
    148        [36m0.9465[0m        0.9756  2.2447
    149        0.9474        0.8843  2.2450
    150        [36m0.9393[0m        [32m0.8618[0m  2.2459
    151        0.9559        0.8720  2.2411
    152        0.9486        0.8676  2.2461
    153        0.9396        0.8845  2.2426
    154        0.9472        [32m0.8506[0m  2.2465
    155        0.9582        0.8934  2.2427
    156        0.9450        0.8715  2.2423
    157        0.9438        0.8611  2.2491
    158        [36m0.9386[0m        1.1426  2.2485
    159        0.9435        0.8535  2.2434
    160        [36m0.9352[0m        0.8667  2.2432
    161        0.9356        [32m0.8293[0m  2.2453
    162        0.9365        0.8377  2.2430
    163        [36m0.9160[0m        0.8373  2.2441
    164        0.9322        [32m0.8207[0m  2.2437
    165        0.9273        0.8312  2.2412
    166        0.9288        0.8294  2.2480
    167        0.9239        [32m0.8155[0m  2.2433
    168        0.9342        0.8177  2.2426
    169        0.9447        0.8271  2.2427
    170        0.9519        0.8560  2.2396
    171        0.9344        0.8482  2.2447
    172        0.9324        0.9026  2.2462
    173        0.9534        0.8394  2.2526
    174        0.9223        0.8293  2.2448
    175        0.9229        0.8205  2.2455
    176        0.9209        0.8711  2.2446
    177        0.9227        [32m0.8109[0m  2.2445
    178        0.9305        0.8262  2.2436
    179        0.9250        0.8291  2.2436
    180        [36m0.9136[0m        0.8237  2.2440
    181        0.9288        1.0679  2.2470
    182        0.9241        0.8833  2.2417
    183        0.9307        0.8477  2.2452
    184        0.9268        0.9002  2.2448
    185        0.9271        [32m0.8054[0m  2.2444
    186        0.9312        0.9147  2.2459
    187        0.9227        0.8074  2.2501
    188        [36m0.9072[0m        0.8278  2.2456
    189        0.9138        0.9655  2.2437
    190        0.9139        0.8261  2.2432
    191        0.9229        0.8274  2.2498
    192        [36m0.9069[0m        [32m0.7967[0m  2.2446
    193        0.9189        0.8474  2.2452
    194        0.9214        [32m0.7962[0m  2.2450
    195        0.9166        [32m0.7872[0m  2.2408
    196        0.9088        0.8304  2.2389
    197        [36m0.8957[0m        0.8573  2.2426
    198        0.9058        0.8630  2.2450
    199        0.9200        0.8073  2.2423
    200        0.8999        0.8001  2.2410
    201        0.9037        0.8274  2.2527
    202        0.9113        0.8568  2.2504
    203        0.9058        0.7925  2.2448
    204        0.9033        0.8793  2.2447
    205        0.9178        0.8035  2.2435
    206        0.8984        0.8238  2.2485
    207        0.9021        0.7971  2.2441
    208        0.9062        [32m0.7843[0m  2.2438
    209        [36m0.8941[0m        [32m0.7836[0m  2.2434
    210        0.8942        [32m0.7763[0m  2.2485
    211        0.9132        0.7981  2.2454
    212        0.9053        1.0422  2.2418
    213        0.9090        0.8144  2.2423
    214        0.9174        0.7957  2.2450
    215        0.8990        0.7906  2.2507
    216        [36m0.8912[0m        0.7932  2.2434
    217        0.8936        0.8034  2.2442
    218        0.9009        0.8063  2.2433
    219        0.9002        0.8623  2.2458
    220        0.9005        0.9676  2.2421
    221        0.8947        0.8934  2.2407
    222        0.9116        0.7897  2.2445
    223        0.9052        0.8529  2.2443
    224        0.8954        0.7791  2.2463
    225        [36m0.8878[0m        0.7787  2.2433
    226        0.8900        0.7922  2.2443
    227        0.8969        0.7948  2.2452
    228        [36m0.8838[0m        [32m0.7739[0m  2.2450
    229        0.8960        0.7812  2.2534
    230        0.8938        [32m0.7646[0m  2.2437
    231        0.8963        0.7743  2.2433
    232        0.8888        [32m0.7641[0m  2.2440
    233        0.8869        0.7767  2.2474
    234        0.8987        0.7994  2.2425
    235        0.8882        0.7737  2.2452
    236        0.8853        0.7652  2.2417
    237        0.8925        0.8525  2.2448
    238        0.8909        0.8053  2.2433
    239        0.8933        0.7755  2.2432
    240        0.8999        0.7774  2.2464
    241        0.9012        0.7968  2.2423
    242        0.8892        0.7760  2.2459
    243        0.8897        0.7980  2.2415
    244        0.8950        0.8047  2.2459
    245        0.9000        0.8204  2.2405
    246        0.8839        0.7761  2.2424
    247        0.8890        0.7787  2.2456
    248        [36m0.8822[0m        0.7934  2.2446
    249        0.8913        0.7737  2.2464
    250        0.8878        0.7738  2.2407
    251        [36m0.8767[0m        0.7994  2.2406
    252        0.8881        0.7814  2.2478
    253        0.9054        [32m0.7559[0m  2.2469
    254        0.8878        0.7847  2.2458
    255        0.8814        0.7694  2.2418
    256        0.8848        0.7973  2.2377
    257        0.8793        0.8179  2.2508
    258        0.8900        0.8512  2.2496
    259        0.8826        0.7670  2.2466
    260        0.8876        0.7768  2.2408
    261        0.8816        0.7692  2.2411
    262        [36m0.8767[0m        0.7755  2.2451
    263        0.8928        0.8258  2.2446
    264        [36m0.8735[0m        0.7604  2.2411
    265        0.8882        0.7929  2.2448
    266        0.8804        0.7711  2.2488
    267        0.8801        0.7624  2.2434
    268        0.8841        0.7849  2.2422
    269        0.8860        0.8171  2.2508
    270        0.8880        0.7672  2.2478
    271        0.8892        0.7562  2.2501
    272        0.8786        0.7683  2.2464
    273        0.8805        0.7966  2.2458
    274        0.8776        0.7708  2.2470
    275        0.8741        0.7850  2.2504
    276        0.8846        0.7892  2.2439
    277        0.8796        0.8128  2.2429
    278        0.8792        [32m0.7544[0m  2.2460
    279        0.8811        0.7683  2.2513
    280        0.8824        0.7629  2.2488
    281        [36m0.8718[0m        0.7592  2.2464
    282        0.8736        0.7639  2.2542
    283        0.8799        0.7693  2.2508
    284        0.8722        0.7600  2.2477
    285        0.8816        0.7782  2.2534
    286        [36m0.8702[0m        0.7735  2.2487
    287        0.8741        0.8023  2.2460
    288        [36m0.8693[0m        0.7767  2.2471
    289        0.8740        0.8192  2.2438
    290        0.8808        0.7569  2.2459
    291        0.8768        0.7546  2.2412
    292        0.8708        0.7593  2.2482
    293        [36m0.8662[0m        0.7568  2.2454
    294        0.8772        0.7998  2.2487
    295        0.8874        0.7601  2.2446
    296        0.8678        0.7677  2.2409
    297        0.8735        0.7615  2.2542
    298        0.8671        [32m0.7531[0m  2.2459
    299        [36m0.8646[0m        0.7731  2.2457
    300        0.8790        0.7620  2.2450
    301        0.8699        0.7617  2.2435
    302        0.8702        [32m0.7519[0m  2.2483
    303        [36m0.8631[0m        [32m0.7502[0m  2.2507
    304        0.8662        0.8125  2.2471
    305        0.8746        0.7844  2.2472
    306        0.8664        0.7564  2.2505
    307        [36m0.8614[0m        0.7522  2.2467
    308        0.8700        0.7835  2.2457
    309        0.8639        0.7631  2.2487
    310        0.8665        0.7517  2.2469
    311        0.8673        0.7557  2.2474
    312        0.8735        [32m0.7429[0m  2.2422
    313        0.8706        0.7523  2.2510
    314        0.8707        0.7680  2.2577
    315        [36m0.8607[0m        0.7594  2.2484
    316        0.8674        0.7564  2.2523
    317        0.8695        0.7623  2.2422
    318        0.8778        0.7494  2.2424
    319        0.8635        0.7457  2.2513
    320        0.8702        0.7479  2.2467
    321        0.8794        0.7509  2.2457
    322        0.8715        0.7582  2.2408
    323        0.8651        0.7705  2.2484
    324        [36m0.8582[0m        0.7495  2.2448
    325        0.8666        0.7611  2.2430
    326        0.8675        0.7741  2.2510
    327        0.8662        0.7812  2.2483
    328        0.8664        0.7675  2.2477
    329        0.8648        0.8126  2.2447
    330        0.8678        0.7577  2.2470
    331        0.8612        0.7615  2.2488
    332        0.8609        0.7435  2.2531
    333        0.8616        0.7541  2.2523
    334        0.8692        0.7569  2.2433
    335        0.8623        0.7750  2.2507
    336        [36m0.8555[0m        0.7681  2.2480
    337        [36m0.8532[0m        0.7492  2.2468
    338        0.8636        0.7484  2.2421
    339        [36m0.8493[0m        [32m0.7419[0m  2.2473
    340        0.8753        0.7612  2.2489
    341        0.8637        0.7697  2.2520
    342        0.8676        0.7539  2.2509
    343        0.8517        0.7909  2.2448
    344        0.8673        0.7609  2.2465
    345        0.8656        0.7684  2.2450
    346        0.8633        0.7600  2.2453
    347        0.8604        0.9074  2.2431
    348        0.8606        0.8475  2.2561
    349        0.8543        [32m0.7417[0m  2.2514
    350        0.8647        [32m0.7373[0m  2.2470
    351        0.8677        0.7594  2.2421
    352        0.8610        0.7537  2.2461
    353        0.8544        0.7465  2.2447
    354        0.8590        0.7474  2.2421
    355        0.8561        0.7645  2.2444
    356        0.8557        0.7457  2.2476
    357        0.8656        0.7501  2.2478
    358        0.8649        0.7591  2.2444
    359        0.8675        0.7397  2.2455
    360        0.8589        0.7449  2.2499
    361        0.8601        0.7528  2.2440
    362        0.8565        0.7431  2.2446
    363        0.8571        0.7395  2.2422
    364        0.8507        0.7440  2.2471
    365        0.8625        0.7377  2.2462
    366        0.8692        0.7396  2.2442
    367        0.8656        [32m0.7336[0m  2.2456
    368        0.8600        0.7508  2.2457
    369        0.8515        0.7355  2.2521
    370        0.8701        0.7378  2.2559
    371        0.8522        0.7396  2.2459
    372        0.8554        0.7467  2.2447
    373        0.8637        0.7642  2.2438
    374        0.8629        0.7615  2.2465
    375        0.8632        [32m0.7265[0m  2.2472
    376        0.8572        0.8255  2.2448
    377        [36m0.8472[0m        0.7445  2.2456
    378        0.8555        0.7400  2.2461
    379        0.8592        0.7769  2.2498
    380        0.8505        0.8161  2.2448
    381        0.8495        0.7457  2.2433
    382        0.8517        0.7304  2.2433
    383        [36m0.8443[0m        0.7437  2.2400
    384        0.8583        0.7329  2.2474
    385        0.8481        0.7509  2.2449
    386        0.8557        [32m0.7252[0m  2.2462
    387        0.8480        0.7284  2.2468
    388        0.8524        0.7566  2.2467
    389        0.8542        0.7434  2.2472
    390        0.8563        0.7374  2.2461
    391        0.8534        0.7641  2.2503
    392        0.8454        0.7811  2.2448
    393        0.8532        0.7613  2.2516
    394        0.8553        0.7495  2.2475
    395        [36m0.8420[0m        0.7466  2.2484
    396        0.8441        0.7296  2.2446
    397        0.8454        0.7521  2.2518
    398        0.8495        0.7297  2.2555
    399        0.8557        0.7331  2.2460
    400        0.8540        0.7527  2.2463
    401        0.8444        0.7968  2.2445
    402        0.8423        0.7391  2.2494
    403        0.8516        0.7776  2.2486
    404        0.8494        0.7334  2.2453
    405        0.8434        0.7321  2.2472
    406        0.8505        0.7334  2.2508
    407        0.8445        0.7525  2.2452
    408        0.8461        0.7424  2.2457
    409        0.8578        0.7467  2.2469
    410        0.8574        0.7628  2.2464
    411        0.8464        0.7461  2.2528
    412        0.8484        0.7736  2.2428
    413        0.8527        0.8430  2.2492
    414        0.8460        0.7640  2.2452
    415        0.8464        0.7355  2.2495
    416        [36m0.8389[0m        0.7476  2.2457
    417        0.8452        0.8183  2.2477
    418        0.8463        0.7621  2.2514
    419        0.8415        0.8238  2.2508
    420        [36m0.8375[0m        0.7430  2.2459
    421        0.8481        0.7423  2.2451
    422        0.8489        [32m0.7252[0m  2.2480
    423        0.8483        0.7377  2.2482
    424        0.8446        0.7274  2.2461
    425        0.8640        0.7682  2.2464
    426        [36m0.8341[0m        0.7370  2.2450
    427        0.8386        0.7317  2.2479
    428        0.8368        0.7330  2.2546
    429        0.8461        0.7275  2.2460
    430        0.8443        0.7286  2.2370
    431        0.8359        0.7739  2.2448
    432        0.8557        0.7305  2.2531
    433        0.8543        0.7344  2.2432
    434        0.8551        0.7498  2.2467
    435        0.8471        0.7270  2.2451
    436        0.8402        0.7505  2.2429
    437        0.8411        0.7465  2.2422
    438        0.8482        0.7426  2.2448
    439        0.8431        0.7445  2.2475
    440        0.8355        0.7415  2.2520
    441        0.8406        0.7304  2.2470
    442        0.8407        0.7526  2.2466
    443        0.8504        [32m0.7240[0m  2.2473
    444        0.8391        0.7705  2.2437
    445        0.8527        0.7558  2.2457
    446        0.8365        0.7550  2.2452
    447        0.8516        0.7642  2.2521
    448        0.8391        0.7436  2.2470
    449        0.8384        0.7735  2.2476
    450        0.8508        0.7297  2.2456
    451        0.8465        [32m0.7202[0m  2.2489
    452        0.8503        0.7313  2.2460
    453        0.8401        0.7277  2.2413
    454        0.8387        0.7501  2.2454
    455        0.8440        0.7386  2.2476
    456        0.8443        0.7966  2.2555
    457        0.8437        0.7384  2.2507
    458        0.8416        0.7625  2.2487
    459        0.8398        0.7430  2.2458
    460        [36m0.8337[0m        0.7398  2.2501
    461        0.8403        0.7203  2.2468
    462        0.8488        0.7304  2.2468
    463        0.8378        [32m0.7159[0m  2.2390
    464        0.8465        0.7692  2.2477
    465        0.8420        0.7272  2.2549
    466        [36m0.8326[0m        0.8311  2.2445
    467        0.8510        0.7303  2.2458
    468        [36m0.8274[0m        0.7562  2.2439
    469        0.8501        0.8055  2.2419
    470        0.8371        0.9932  2.2498
    471        0.8341        0.7448  2.2445
    472        0.8451        0.7317  2.2480
    473        0.8429        0.7564  2.2491
    474        0.8409        0.7429  2.2468
    475        0.8292        0.7342  2.2451
    476        0.8307        0.8630  2.2451
    477        0.8350        0.7181  2.2459
    478        0.8390        0.7368  2.2474
    479        0.8429        0.7586  2.2425
    480        0.8456        [32m0.7151[0m  2.2483
    481        0.8523        0.7404  2.2436
    482        0.8367        0.8039  2.2467
    483        0.8313        0.7679  2.2451
    484        0.8490        0.7460  2.2552
    485        0.8293        0.7295  2.2521
    486        0.8393        0.7776  2.2503
    487        0.8409        0.7437  2.2458
    488        0.8394        0.7294  2.2452
    489        0.8327        0.7939  2.2467
    490        0.8370        0.7531  2.2492
    491        0.8391        0.7284  2.2490
    492        0.8365        0.7185  2.2470
    493        0.8430        0.7499  2.2438
    494        0.8344        0.7340  2.2449
    495        0.8392        0.7214  2.2519
    496        0.8300        0.7392  2.2441
    497        0.8321        [32m0.7041[0m  2.2479
    498        0.8424        0.8572  2.2466
    499        0.8326        0.8031  2.2466
    500        0.8377        0.8125  2.2441
    501        0.8340        0.7617  2.2491
    502        0.8276        1.0555  2.2534
    503        0.8363        0.7934  2.2458
    504        0.8478        0.7392  2.2460
    505        0.8342        0.7973  2.2444
    506        0.8462        0.8819  2.2429
    507        0.8307        0.7446  2.2476
    508        0.8386        0.7385  2.2470
    509        0.8285        0.7776  2.2405
    510        0.8309        0.7726  2.2423
    511        0.8330        0.7166  2.2458
    512        0.8290        0.8706  2.2512
    513        0.8359        0.7775  2.2531
    514        0.8327        0.7477  2.2448
    515        0.8296        0.7956  2.2471
    516        0.8352        0.7603  2.2475
    517        [36m0.8271[0m        0.7701  2.2449
    518        0.8322        0.8123  2.2422
    519        0.8425        0.7825  2.2494
    520        0.8295        0.7360  2.2460
    521        0.8368        0.7284  2.2460
    522        0.8486        0.7307  2.2490
    523        0.8436        0.7418  2.2488
    524        0.8362        0.7378  2.2475
    525        0.8290        0.7934  2.2526
    526        [36m0.8203[0m        0.8691  2.2448
    527        0.8279        0.7742  2.2459
    528        0.8344        0.7385  2.2428
    529        0.8292        0.7553  2.2470
    530        0.8362        0.7234  2.2474
    531        0.8247        0.7436  2.2446
    532        0.8309        0.7151  2.2455
    533        0.8259        0.7206  2.2472
    534        0.8318        0.7925  2.2458
    535        0.8378        0.7542  2.2445
    536        0.8411        0.8162  2.2468
    537        0.8285        0.7786  2.2479
    538        0.8226        0.7436  2.2471
    539        0.8351        0.7911  2.2445
    540        0.8391        0.7404  2.2462
    541        0.8263        0.7133  2.2500
    542        0.8277        0.7156  2.2484
    543        0.8329        0.8568  2.2474
    544        0.8236        0.8213  2.2414
    545        0.8286        0.7323  2.2463
    546        0.8286        0.7114  2.2431
    547        0.8434        0.7224  2.2515
    548        0.8226        0.7551  2.2499
    549        0.8351        0.7304  2.2464
    550        0.8320        0.8298  2.2439
    551        0.8319        0.7271  2.2480
    552        0.8367        0.7393  2.2484
    553        0.8272        0.7510  2.2455
    554        0.8225        0.7206  2.2435
    555        0.8212        0.8757  2.2531
    556        0.8250        1.1492  2.2459
    557        0.8420        0.7300  2.2465
    558        0.8314        1.0405  2.2482
    559        0.8272        0.7688  2.2473
    560        0.8288        0.8056  2.2411
    561        0.8300        0.7171  2.2451
    562        0.8287        0.7087  2.2425
    563        0.8292        0.7128  2.2439
    564        [36m0.8165[0m        0.7267  2.2481
    565        0.8310        0.7105  2.2450
    566        0.8314        [32m0.7027[0m  2.2479
    567        0.8270        0.7127  2.2427
    568        0.8304        0.7154  2.2452
    569        0.8256        0.7149  2.2598
    570        0.8278        0.7159  2.2495
    571        0.8276        0.7171  2.2438
    572        0.8349        0.7135  2.2451
    573        0.8363        0.7106  2.2508
    574        0.8257        0.7207  2.2428
    575        0.8401        0.7164  2.2486
    576        0.8262        0.7174  2.2427
    577        0.8220        0.7302  2.2527
    578        0.8300        0.7217  2.2456
    579        0.8301        0.7204  2.2456
    580        0.8227        0.7901  2.2493
    581        0.8193        0.7436  2.2392
    582        0.8355        0.7103  2.2513
    583        0.8307        0.7150  2.2483
    584        0.8303        0.7288  2.2526
    585        0.8272        0.7112  2.2491
    586        0.8333        0.7249  2.2537
    587        0.8177        0.7126  2.2430
    588        0.8298        0.7065  2.2408
    589        0.8251        0.7058  2.2533
    590        0.8257        0.7352  2.2489
    591        0.8282        0.7115  2.2450
    592        0.8420        0.7115  2.2484
    593        0.8295        0.7245  2.2497
    594        0.8375        0.7224  2.2438
    595        0.8322        0.7100  2.2471
    596        0.8261        0.7212  2.2500
    597        0.8462        0.7645  2.2568
    598        0.8333        0.7613  2.2484
    599        0.8262        0.7105  2.2460
    600        0.8362        0.8700  2.2463
    601        0.8235        0.7158  2.2473
    602        0.8288        0.8000  2.2434
    603        0.8458        0.8074  2.2426
    604        0.8216        0.7619  2.2505
    605        0.8188        0.7096  2.2460
    606        0.8229        0.7131  2.2482
    607        [36m0.8155[0m        0.7090  2.2453
    608        0.8229        0.7346  2.2492
    609        0.8288        0.7134  2.2462
    610        0.8221        0.7130  2.2484
    611        0.8158        0.7265  2.2428
    612        0.8310        0.7131  2.2522
    613        0.8244        0.7115  2.2438
    614        0.8250        0.7413  2.2396
    615        0.8236        0.7423  2.2389
    616        0.8213        0.7057  2.2430
    617        0.8238        0.7071  2.2451
    618        [36m0.8151[0m        0.7118  2.2449
    619        0.8228        0.7528  2.2392
    620        0.8198        0.7692  2.2429
    621        0.8258        0.7572  2.2465
    622        0.8274        0.7066  2.2427
    623        0.8212        0.8198  2.2446
    624        0.8313        0.7049  2.2381
    625        0.8308        0.7252  2.2538
    626        0.8281        0.8213  2.2459
    627        [36m0.8140[0m        0.7136  2.2419
    628        0.8258        0.8697  2.2447
    629        0.8261        0.7086  2.2460
    630        0.8297        0.7602  2.2398
    631        0.8322        0.7030  2.2420
    632        0.8232        0.7643  2.2400
    633        0.8170        [32m0.7022[0m  2.2501
    634        0.8238        0.7375  2.2414
    635        0.8223        [32m0.6990[0m  2.2412
    636        0.8219        0.7746  2.2401
    637        0.8271        [32m0.6968[0m  2.2403
    638        0.8274        0.7233  2.2438
    639        0.8200        0.7342  2.2446
    640        0.8177        0.7195  2.2402
    641        0.8242        0.7195  2.2432
    642        0.8167        0.7286  2.2423
    643        0.8212        0.7035  2.2447
    644        0.8257        0.7170  2.2473
    645        0.8212        0.7084  2.2418
    646        0.8451        0.7243  2.2381
    647        0.8309        0.7033  2.2488
    648        0.8194        0.7256  2.2423
    649        0.8302        0.7124  2.2461
    650        0.8220        0.7276  2.2400
    651        0.8162        0.9653  2.2402
    652        0.8261        0.7441  2.2438
    653        0.8244        0.7354  2.2501
    654        [36m0.8126[0m        0.7468  2.2440
    655        0.8149        0.7336  2.2374
    656        0.8234        0.9536  2.2447
    657        0.8242        0.7169  2.2429
    658        0.8196        0.8327  2.2417
    659        0.8243        0.8500  2.2420
    660        0.8219        0.8552  2.2460
    661        0.8214        0.7065  2.2415
    662        0.8192        0.7121  2.2383
    663        0.8199        0.7003  2.2400
    664        [36m0.8090[0m        0.7405  2.2422
    665        0.8169        0.7274  2.2414
    666        0.8223        0.7030  2.2433
    667        0.8194        0.7035  2.2359
    668        0.8169        [32m0.6951[0m  2.2418
    669        0.8219        0.7448  2.2418
    670        0.8273        [32m0.6940[0m  2.2497
    671        0.8222        0.7277  2.2400
    672        0.8107        0.7268  2.2408
    673        0.8318        0.6963  2.2373
    674        0.8218        0.6968  2.2410
    675        0.8176        [32m0.6906[0m  2.2420
    676        [36m0.8082[0m        0.7040  2.2412
    677        0.8192        0.6960  2.2441
    678        0.8324        0.7142  2.2414
    679        0.8201        0.7325  2.2446
    680        0.8230        0.7830  2.2422
    681        0.8244        0.7839  2.2491
    682        0.8265        0.7061  2.2422
    683        0.8286        0.7050  2.2430
    684        0.8335        0.7215  2.2417
    685        0.8222        0.7709  2.2447
    686        0.8124        0.7832  2.2440
    687        0.8105        1.0537  2.2412
    688        0.8160        1.5901  2.2440
    689        0.8163        1.2094  2.2389
    690        0.8249        0.9936  2.2396
    691        0.8172        1.2007  2.2417
    692        0.8152        1.5889  2.2425
    693        0.8250        1.2687  2.2442
    694        0.8282        1.3398  2.2401
    695        0.8251        0.8307  2.2420
    696        0.8278        1.4736  2.2438
    697        0.8318        0.9942  2.2432
    698        0.8208        1.4786  2.2439
    699        0.8231        1.4394  2.2407
    700        0.8239        1.0853  2.2385
    701        0.8165        1.0501  2.2432
    702        0.8182        0.8310  2.2416
    703        0.8242        1.1090  2.2442
    704        0.8109        0.9396  2.2457
    705        0.8449        0.9558  2.2438
    706        0.8355        1.4806  2.2396
    707        0.8255        1.3300  2.2406
    708        0.8132        0.8907  2.2350
    709        0.8214        1.2423  2.2443
    710        0.8208        1.3218  2.2511
    711        0.8275        0.8781  2.2411
    712        0.8209        0.8841  2.2441
    713        0.8205        0.9361  2.2448
    714        0.8232        1.0676  2.2419
    715        0.8269        1.2329  2.2430
    716        0.8151        1.0736  2.2413
    717        0.8287        1.2682  2.2411
    718        0.8267        1.2745  2.2410
    719        0.8220        0.9199  2.2475
    720        0.8278        0.9292  2.2438
    721        0.8171        2.1550  2.2393
    722        0.8186        2.0821  2.2415
    723        0.8172        0.7245  2.2403
    724        0.8122        0.9155  2.2407
    725        0.8172        0.7657  2.2436
    726        0.8176        0.6965  2.2422
    727        0.8150        0.7443  2.2452
    728        0.8230        0.7486  2.2429
    729        0.8205        0.7160  2.2460
    730        0.8137        0.6997  2.2449
    731        0.8270        0.6939  2.2429
    732        [36m0.8065[0m        0.7158  2.2422
    733        0.8140        0.7055  2.2467
    734        0.8218        0.6962  2.2443
    735        0.8101        0.6971  2.2408
    736        0.8222        0.6969  2.2429
    737        0.8173        0.7478  2.2449
    738        0.8246        0.6982  2.2577
    739        0.8251        0.7145  2.2465
    740        0.8092        0.6948  2.2452
    741        0.8235        0.7307  2.2419
    742        0.8229        0.7164  2.2454
    743        0.8231        0.7452  2.2433
    744        0.8163        0.6951  2.2421
    745        0.8235        0.6941  2.2412
    746        0.8196        0.7136  2.2414
    747        0.8213        0.7201  2.2477
    748        0.8179        0.7046  2.2453
    749        0.8193        0.7042  2.2441
    750        0.8100        0.7262  2.2411
    751        0.8227        0.7734  2.2390
    752        0.8261        0.7547  2.2486
    753        0.8257        0.7267  2.2430
    754        0.8125        0.7144  2.2453
    755        0.8195        0.7637  2.2428
    756        0.8172        0.7120  2.2468
    757        0.8121        0.7075  2.2468
    758        0.8171        0.7251  2.2431
    759        0.8147        0.7682  2.2406
    760        0.8294        0.7157  2.2473
    761        0.8211        0.7030  2.2436
    762        0.8113        0.7023  2.2432
    763        0.8117        0.7357  2.2398
    764        0.8146        0.7625  2.2399
    765        0.8329        0.7376  2.2463
    766        0.8136        1.0095  2.2516
    767        0.8228        1.0082  2.2468
    768        0.8131        0.7464  2.2403
    769        0.8313        0.7204  2.2460
    770        0.8149        0.8261  2.2484
    771        0.8259        0.7276  2.2444
    772        0.8251        0.7220  2.2409
    773        0.8244        0.8511  2.2354
    774        0.8280        0.7947  2.2495
    775        0.8092        0.6981  2.2452
    776        0.8180        [32m0.6861[0m  2.2406
    777        0.8116        0.7648  2.2437
    778        0.8154        0.7268  2.2474
    779        0.8098        0.7164  2.2452
    780        0.8156        0.7631  2.2492
    781        0.8185        0.7264  2.2425
    782        0.8134        0.8703  2.2449
    783        0.8124        0.7476  2.2458
    784        0.8186        0.7206  2.2462
    785        0.8225        0.7049  2.2499
    786        0.8154        0.7062  2.2438
    787        0.8219        0.7460  2.2421
    788        0.8143        0.9945  2.2408
    789        0.8222        0.8006  2.2459
    790        0.8127        0.7554  2.2428
    791        0.8140        0.8973  2.2437
    792        0.8140        0.7788  2.2426
    793        0.8172        0.7696  2.2420
    794        0.8111        0.7240  2.2451
    795        0.8095        0.7233  2.2425
    796        0.8184        0.7784  2.2426
    797        0.8113        0.7628  2.2437
    798        0.8213        0.7276  2.2461
    799        0.8134        0.7532  2.2456
    800        0.8085        0.7717  2.2528
    801        0.8223        0.7928  2.2411
    802        0.8143        0.7266  2.2409
    803        0.8248        0.7813  2.2464
    804        0.8176        0.8230  2.2447
    805        0.8248        0.8177  2.2412
    806        0.8134        0.7442  2.2412
    807        0.8204        0.7279  2.2429
    808        0.8313        0.7183  2.2464
    809        0.8180        0.7197  2.2429
    810        0.8198        0.7183  2.2393
    811        0.8206        0.7249  2.2469
    812        0.8143        0.7296  2.2434
    813        0.8174        0.7356  2.2430
    814        0.8315        0.7313  2.2429
    815        0.8089        0.7417  2.2391
    816        [36m0.8024[0m        0.7742  2.2464
    817        0.8111        0.7690  2.2454
    818        0.8082        0.7874  2.2448
    819        0.8237        0.7807  2.2402
    820        0.8042        0.7590  2.2469
    821        0.8132        0.7763  2.2461
    822        0.8171        0.7736  2.2455
    823        0.8183        0.7813  2.2451
    824        0.8115        0.7671  2.2470
    825        0.8230        0.7941  2.2436
    826        0.8133        0.7720  2.2420
    827        0.8042        0.7754  2.2446
    828        0.8187        0.7672  2.2476
    829        0.8139        0.7533  2.2421
    830        0.8154        0.7418  2.2455
    831        0.8129        0.7495  2.2409
    832        0.8058        0.7433  2.2500
    833        0.8199        0.7682  2.2563
    834        0.8204        0.7499  2.2439
    835        0.8070        0.7353  2.2412
    836        0.8094        0.7318  2.2426
    837        0.8107        0.7497  2.2418
    838        0.8132        0.7552  2.2461
    839        0.8155        0.7640  2.2436
    840        0.8204        0.7619  2.2371
    841        0.8155        0.7313  2.2428
    842        0.8077        0.7572  2.2461
    843        0.8058        0.7581  2.2434
    844        0.8135        0.7525  2.2411
    845        0.8116        0.7418  2.2438
    846        0.8121        0.7279  2.2428
    847        0.8179        0.7266  2.2452
    848        0.8148        0.7282  2.2454
    849        0.8108        0.7306  2.2414
    850        0.8082        0.7444  2.2455
    851        0.8081        0.7769  2.2439
    852        0.8209        0.7654  2.2411
    853        0.8163        0.7683  2.2413
    854        0.8105        0.7615  2.2443
    855        0.8045        0.7561  2.2521
    856        0.8035        0.7676  2.2417
    857        0.8186        0.8226  2.2436
    858        0.8162        0.7916  2.2455
    859        0.8156        0.7863  2.2485
    860        [36m0.8007[0m        0.7802  2.2455
    861        0.8203        0.7742  2.2482
    862        0.8167        0.7564  2.2439
    863        0.8114        0.7481  2.2466
    864        0.8031        0.7297  2.2415
    865        0.8166        0.7532  2.2436
    866        0.8391        0.7885  2.2430
    867        0.8125        0.7921  2.2434
    868        0.8195        0.7768  2.2421
    869        0.8148        0.8434  2.2409
    870        0.8165        0.8422  2.2470
    871        0.8218        0.7883  2.2426
    872        0.8119        0.7858  2.2433
    873        0.8134        0.8032  2.2449
    874        0.8077        0.8131  2.2455
    875        0.8256        0.8353  2.2458
    876        0.8081        0.7885  2.2448
    877        [36m0.7996[0m        0.8021  2.2412
    878        0.8216        0.7779  2.2401
    879        0.8115        0.7812  2.2432
    880        0.8159        0.7962  2.2446
    881        0.8143        0.8234  2.2429
    882        0.8191        0.8239  2.2432
    883        0.8112        0.8511  2.2427
    884        0.8207        0.8323  2.2486
    885        0.8187        0.8188  2.2458
    886        0.8152        0.8094  2.2462
    887        0.8167        0.8766  2.2428
    888        0.8021        0.8654  2.2442
    889        0.8179        0.7980  2.2447
    890        0.8145        0.7763  2.2393
    891        0.8119        0.7710  2.2457
    892        0.8144        0.7770  2.2490
    893        0.8066        0.7831  2.2557
    894        0.8093        0.8132  2.2393
    895        0.8128        0.8120  2.2423
    896        0.8055        0.8256  2.2435
    897        0.8150        0.8232  2.2449
    898        0.8127        0.8590  2.2443
    899        0.8186        0.8541  2.2495
    900        0.8123        0.8869  2.2431
    901        0.8234        0.8283  2.2437
    902        0.8105        0.9014  2.2410
    903        0.8163        0.8533  2.2438
    904        0.8070        0.7980  2.2434
    905        0.8092        0.8440  2.2428
    906        0.8174        0.8031  2.2412
    907        0.8186        0.7649  2.2419
    908        0.8133        0.7652  2.2465
    909        0.8158        0.7580  2.2440
    910        0.8199        0.7336  2.2439
    911        0.8237        0.7674  2.2447
    912        0.8182        0.8134  2.2478
    913        0.8139        0.8009  2.2454
    914        0.8117        0.7830  2.2440
    915        0.8165        0.7944  2.2459
    916        0.8046        0.8283  2.2452
    917        0.8073        0.8570  2.2425
    918        0.8174        0.7994  2.2439
    919        0.8174        0.7806  2.2462
    920        0.8184        0.8237  2.2470
    921        0.8190        0.8488  2.2514
    922        0.8071        0.8714  2.2416
    923        0.8052        0.8469  2.2445
    924        0.8236        0.8344  2.2480
    925        [36m0.7988[0m        0.8514  2.2450
    926        0.8185        0.8670  2.2428
    927        0.8206        0.8083  2.2385
    928        0.8179        0.7791  2.2467
    929        0.8132        0.7853  2.2411
    930        0.8141        0.8037  2.2420
    931        0.8093        0.8275  2.2391
    932        0.8133        0.8152  2.2387
    933        0.8129        0.7688  2.2443
    934        0.8150        0.7750  2.2426
    935        0.8218        0.7971  2.2437
    936        0.8119        0.8179  2.2429
    937        0.8117        0.8442  2.2402
    938        0.8134        0.8017  2.2430
    939        0.8133        0.8661  2.2430
    940        0.8132        0.8403  2.2462
    941        0.8158        0.8167  2.2408
    942        0.8134        0.8289  2.2430
    943        0.8339        0.8569  2.2473
    944        0.8079        0.8212  2.2409
    945        0.8073        0.8554  2.2393
    946        0.8051        0.8505  2.2401
    947        0.8063        0.8815  2.2476
    948        0.8134        0.8242  2.2459
    949        [36m0.7984[0m        0.8045  2.2516
    950        0.8104        0.8080  2.2437
    951        0.8151        0.8585  2.2446
    952        0.8184        0.8394  2.2476
    953        0.8144        0.8022  2.2444
    954        0.8039        0.8120  2.2385
    955        0.8127        0.7901  2.2431
    956        0.8119        0.7926  2.2458
    957        0.8085        0.7586  2.2448
    958        0.8119        0.7849  2.2444
    959        0.8050        0.7876  2.2399
    960        0.8167        0.7705  2.2433
    961        0.8135        0.7788  2.2403
    962        0.8237        0.7689  2.2437
    963        0.8077        0.7719  2.2403
    964        0.8154        0.8550  2.2436
    965        0.8073        0.7986  2.2418
    966        0.8164        0.7620  2.2414
    967        0.8092        0.7694  2.2418
    968        0.8190        0.7405  2.2375
    969        0.8077        0.7446  2.2406
    970        0.8122        0.7798  2.2432
    971        0.8262        0.7642  2.2413
    972        0.8076        0.7582  2.2416
    973        0.8032        0.7763  2.2453
    974        0.8195        0.7793  2.2448
    975        0.8201        0.7744  2.2402
Stopping since valid_loss has not improved in the last 200 epochs.
X Train Shape: torch.Size([509, 35376])
Y Train Shape: torch.Size([509, 12])
y_predicted_from_x_train shape: (509, 12)
Scores=[ -61.76481876  -71.03216042  -29.2439735   -26.36282946  -23.35008084
  -16.59263583  -10.57141676  -62.07487938 -104.78245321  -75.57443081
  -42.5582449   -28.40020799]
MAPE train = 14.231293678283691, MAPE test = 9.61738395690918
features space = tensor([[ 0.0494, -0.1706,  0.1610, -0.0380,  0.1478,  0.1717],
        [ 0.0498, -0.1702,  0.1617, -0.0382,  0.1476,  0.1726],
        [ 0.0506, -0.1694,  0.1629, -0.0380,  0.1478,  0.1719],
        ...,
        [ 0.0514, -0.1680,  0.1656, -0.0371,  0.1480,  0.1708],
        [ 0.0469, -0.1742,  0.1546, -0.0387,  0.1474,  0.1731],
        [ 0.0491, -0.1717,  0.1589, -0.0386,  0.1476,  0.1723]]), shape = torch.Size([509, 6])
x_true space = [[-1.0119774e+00 -1.0119774e+00 -4.3265891e-01 ...  2.6932671e+00
   4.3255172e+00  1.2809225e+00]
 [ 4.3853000e-01  4.3853000e-01 -9.4819188e-01 ... -1.2688020e+00
  -2.4649458e-01 -6.8567973e-01]
 [ 1.6814269e+00  1.6814269e+00  1.0150830e+00 ... -7.6235765e-01
  -5.2070040e-01  4.0738022e-01]
 ...
 [ 2.0079403e+00  2.0079403e+00  2.9252581e-03 ... -3.4668025e-01
   3.7761733e-01 -1.0863895e+00]
 [ 3.3140576e-01  3.3140576e-01  6.9372547e-01 ... -1.2994182e+00
  -1.2993524e+00 -1.6670343e+00]
 [-4.0667766e-01 -4.0667766e-01 -9.0947950e-01 ...  8.5906941e-01
  -6.5503484e-01  1.1533015e+00]], shape = (509, 35376)
cognition space = tensor([[ 0.0457, -0.1759,  0.1517, -0.0395,  0.1470,  0.1738],
        [ 0.0525, -0.1688,  0.1627, -0.0361,  0.1471,  0.1719],
        [ 0.0484, -0.1732,  0.1542, -0.0386,  0.1471,  0.1739],
        ...,
        [ 0.0475, -0.1740,  0.1535, -0.0388,  0.1470,  0.1740],
        [ 0.0584, -0.1585,  0.1842, -0.0330,  0.1482,  0.1658],
        [ 0.0579, -0.1594,  0.1824, -0.0332,  0.1481,  0.1663]]), shape = torch.Size([509, 6])
decoder space = tensor([[ 0.1109, -0.0426,  0.4055,  ..., -0.1431, -0.0736, -0.3502],
        [-0.1438,  0.3820, -0.2661,  ...,  0.4637,  0.2724,  0.4858],
        [ 0.0167,  0.1837,  0.1823,  ...,  0.1374,  0.1070, -0.0310],
        ...,
        [ 0.0458,  0.1216,  0.2539,  ...,  0.0569,  0.0571, -0.1287],
        [-0.3123,  0.4492, -0.5830,  ...,  0.5599,  0.3109,  0.7874],
        [-0.3062,  0.4464, -0.5747,  ...,  0.5572,  0.3083,  0.7807]]), shape = torch.Size([509, 12])
y_true space = [[-1.5695118   0.17364094  0.1218531  ...  0.0042275  -0.75251114
  -1.8980594 ]
 [-1.2962965   0.321298   -0.04255307 ...  1.3660243   1.0007421
   0.6507395 ]
 [ 0.8894258   0.1075068   0.63419974 ...  0.75406665  1.8129833
  -0.16195083]
 ...
 [ 0.06977993  0.5778478  -0.2078873  ... -0.57028055 -0.05727717
   0.25469443]
 [-1.5695118   1.2324679  -1.0551006  ...  0.86045706  0.42808694
  -0.54151547]
 [-0.7498659   0.99218374 -0.12099329 ...  1.0179147   1.5300612
   0.91957635]], shape = (509, 12)
features space = tensor([[ 0.0507, -0.1688,  0.1641, -0.0374,  0.1479,  0.1711],
        [ 0.0465, -0.1745,  0.1544, -0.0391,  0.1473,  0.1735],
        [ 0.0471, -0.1742,  0.1551, -0.0392,  0.1473,  0.1726],
        [ 0.0511, -0.1683,  0.1651, -0.0372,  0.1479,  0.1710],
        [ 0.0540, -0.1645,  0.1719, -0.0362,  0.1483,  0.1692],
        [ 0.0402, -0.1842,  0.1385, -0.0418,  0.1465,  0.1712],
        [ 0.0463, -0.1752,  0.1527, -0.0388,  0.1471,  0.1736],
        [ 0.0477, -0.1729,  0.1569, -0.0385,  0.1475,  0.1727],
        [ 0.0475, -0.1743,  0.1545, -0.0392,  0.1474,  0.1724],
        [ 0.0243, -0.2096,  0.0945, -0.0505,  0.1457,  0.1616],
        [ 0.0474, -0.1727,  0.1579, -0.0385,  0.1470,  0.1739],
        [ 0.0469, -0.1744,  0.1548, -0.0392,  0.1472,  0.1736],
        [ 0.0528, -0.1661,  0.1689, -0.0366,  0.1482,  0.1700],
        [ 0.0502, -0.1691,  0.1616, -0.0367,  0.1471,  0.1712],
        [ 0.0502, -0.1694,  0.1630, -0.0376,  0.1479,  0.1713],
        [ 0.0492, -0.1717,  0.1588, -0.0386,  0.1476,  0.1721],
        [ 0.0512, -0.1681,  0.1653, -0.0373,  0.1480,  0.1707],
        [ 0.0484, -0.1716,  0.1579, -0.0373,  0.1468,  0.1725],
        [ 0.0511, -0.1678,  0.1636, -0.0363,  0.1473,  0.1707],
        [ 0.0505, -0.1695,  0.1627, -0.0380,  0.1478,  0.1719],
        [ 0.0464, -0.1747,  0.1539, -0.0391,  0.1474,  0.1729],
        [ 0.0493, -0.1715,  0.1592, -0.0385,  0.1476,  0.1721],
        [ 0.0471, -0.1738,  0.1555, -0.0388,  0.1475,  0.1727],
        [ 0.0485, -0.1718,  0.1590, -0.0383,  0.1477,  0.1721],
        [ 0.0509, -0.1689,  0.1639, -0.0379,  0.1478,  0.1719],
        [ 0.0471, -0.1738,  0.1544, -0.0381,  0.1469,  0.1736],
        [ 0.0490, -0.1718,  0.1588, -0.0386,  0.1476,  0.1724],
        [ 0.0496, -0.1702,  0.1616, -0.0379,  0.1478,  0.1715],
        [ 0.0485, -0.1729,  0.1568, -0.0388,  0.1475,  0.1722],
        [ 0.0506, -0.1691,  0.1635, -0.0379,  0.1477,  0.1723],
        [ 0.0481, -0.1724,  0.1577, -0.0383,  0.1475,  0.1727],
        [ 0.0512, -0.1676,  0.1639, -0.0363,  0.1473,  0.1705],
        [ 0.0508, -0.1689,  0.1639, -0.0379,  0.1478,  0.1721],
        [ 0.0468, -0.1742,  0.1547, -0.0389,  0.1474,  0.1728],
        [ 0.0447, -0.1773,  0.1498, -0.0399,  0.1472,  0.1726],
        [ 0.0438, -0.1786,  0.1474, -0.0402,  0.1470,  0.1726],
        [ 0.0491, -0.1710,  0.1605, -0.0383,  0.1475,  0.1728],
        [ 0.0513, -0.1681,  0.1652, -0.0372,  0.1480,  0.1709],
        [ 0.0470, -0.1737,  0.1561, -0.0386,  0.1466,  0.1728],
        [ 0.0518, -0.1674,  0.1667, -0.0371,  0.1481,  0.1704],
        [ 0.0497, -0.1701,  0.1618, -0.0378,  0.1478,  0.1715],
        [ 0.0473, -0.1734,  0.1562, -0.0385,  0.1473,  0.1731],
        [ 0.0465, -0.1746,  0.1541, -0.0391,  0.1472,  0.1742],
        [ 0.0508, -0.1689,  0.1638, -0.0379,  0.1478,  0.1720],
        [ 0.0499, -0.1700,  0.1620, -0.0381,  0.1476,  0.1726],
        [ 0.0502, -0.1700,  0.1619, -0.0381,  0.1477,  0.1720],
        [ 0.0507, -0.1691,  0.1634, -0.0379,  0.1478,  0.1719],
        [ 0.0508, -0.1690,  0.1636, -0.0379,  0.1478,  0.1719],
        [ 0.0519, -0.1672,  0.1669, -0.0369,  0.1480,  0.1705],
        [ 0.0498, -0.1702,  0.1617, -0.0382,  0.1476,  0.1725],
        [ 0.0507, -0.1690,  0.1637, -0.0379,  0.1478,  0.1722],
        [ 0.0480, -0.1722,  0.1570, -0.0375,  0.1468,  0.1728],
        [ 0.0519, -0.1668,  0.1652, -0.0361,  0.1474,  0.1702],
        [ 0.0492, -0.1718,  0.1586, -0.0386,  0.1476,  0.1719],
        [ 0.0540, -0.1644,  0.1720, -0.0362,  0.1483,  0.1692],
        [ 0.0496, -0.1712,  0.1597, -0.0385,  0.1477,  0.1719]]), shape = torch.Size([56, 6])
x_true space = [[ 0.9305474   0.9305474   0.6771062  ... -1.5861447  -1.2316298
  -0.1720271 ]
 [-0.8534597  -0.8534597  -0.6771052  ...  0.66606426  0.2205779
   1.1492537 ]
 [ 0.265165    0.265165    1.1619219  ... -1.4797254  -0.5980372
  -0.12000566]
 ...
 [ 0.25996718  0.25996718  0.41425186 ... -0.8027044  -0.09458422
  -0.10542525]
 [ 0.04126573  0.04126573 -0.84951365 ...  1.758657   -0.13629517
  -0.8774407 ]
 [ 0.27911186  0.27911186 -0.5096616  ...  0.47089797  0.37610215
  -1.7072638 ]], shape = (56, 35376)
cognition space = tensor([[ 0.0505, -0.1709,  0.1585, -0.0373,  0.1471,  0.1729],
        [ 0.0568, -0.1614,  0.1783, -0.0338,  0.1479,  0.1675],
        [ 0.0483, -0.1732,  0.1542, -0.0386,  0.1471,  0.1739],
        [ 0.0613, -0.1536,  0.1943, -0.0315,  0.1488,  0.1627],
        [ 0.0439, -0.1779,  0.1490, -0.0404,  0.1471,  0.1731],
        [ 0.0476, -0.1740,  0.1536, -0.0388,  0.1470,  0.1740],
        [ 0.0451, -0.1765,  0.1510, -0.0398,  0.1470,  0.1736],
        [ 0.0312, -0.1956,  0.1214, -0.0477,  0.1477,  0.1665],
        [ 0.0404, -0.1826,  0.1406, -0.0429,  0.1475,  0.1712],
        [ 0.0459, -0.1757,  0.1519, -0.0394,  0.1470,  0.1739],
        [ 0.0461, -0.1755,  0.1522, -0.0393,  0.1469,  0.1739],
        [ 0.0399, -0.1824,  0.1425, -0.0426,  0.1473,  0.1714],
        [ 0.0495, -0.1719,  0.1564, -0.0379,  0.1471,  0.1734],
        [ 0.0583, -0.1587,  0.1840, -0.0330,  0.1482,  0.1658],
        [ 0.0474, -0.1741,  0.1534, -0.0389,  0.1470,  0.1740],
        [ 0.0056, -0.2528,  0.0109, -0.0688,  0.1501,  0.1442],
        [ 0.0484, -0.1731,  0.1543, -0.0385,  0.1471,  0.1739],
        [ 0.0396, -0.1826,  0.1422, -0.0427,  0.1473,  0.1713],
        [ 0.0601, -0.1555,  0.1905, -0.0321,  0.1486,  0.1639],
        [ 0.0541, -0.1662,  0.1681, -0.0352,  0.1473,  0.1704],
        [ 0.0508, -0.1706,  0.1591, -0.0371,  0.1471,  0.1727],
        [ 0.0479, -0.1736,  0.1538, -0.0387,  0.1470,  0.1739],
        [ 0.0443, -0.1775,  0.1498, -0.0402,  0.1470,  0.1732],
        [ 0.0472, -0.1743,  0.1533, -0.0389,  0.1470,  0.1740],
        [ 0.0454, -0.1763,  0.1512, -0.0397,  0.1470,  0.1737],
        [ 0.0415, -0.1807,  0.1442, -0.0420,  0.1473,  0.1719],
        [ 0.0499, -0.1715,  0.1572, -0.0377,  0.1471,  0.1732],
        [ 0.0420, -0.1802,  0.1450, -0.0418,  0.1473,  0.1721],
        [ 0.0560, -0.1628,  0.1753, -0.0342,  0.1477,  0.1683],
        [ 0.0489, -0.1727,  0.1550, -0.0383,  0.1471,  0.1737],
        [ 0.0455, -0.1762,  0.1514, -0.0396,  0.1470,  0.1737],
        [ 0.0566, -0.1618,  0.1774, -0.0339,  0.1479,  0.1677],
        [ 0.0487, -0.1728,  0.1547, -0.0384,  0.1471,  0.1738],
        [ 0.0390, -0.1835,  0.1409, -0.0431,  0.1474,  0.1710],
        [ 0.0506, -0.1708,  0.1586, -0.0373,  0.1471,  0.1728],
        [ 0.0596, -0.1564,  0.1887, -0.0324,  0.1485,  0.1645],
        [ 0.0433, -0.1786,  0.1478, -0.0408,  0.1471,  0.1728],
        [ 0.0365, -0.1861,  0.1381, -0.0440,  0.1474,  0.1701],
        [ 0.0553, -0.1641,  0.1726, -0.0346,  0.1476,  0.1691],
        [ 0.0463, -0.1752,  0.1525, -0.0392,  0.1469,  0.1740],
        [ 0.0611, -0.1539,  0.1938, -0.0316,  0.1488,  0.1629],
        [ 0.0521, -0.1692,  0.1619, -0.0363,  0.1471,  0.1721],
        [ 0.0485, -0.1731,  0.1543, -0.0385,  0.1471,  0.1739],
        [ 0.0593, -0.1568,  0.1878, -0.0325,  0.1484,  0.1647],
        [ 0.0521, -0.1692,  0.1618, -0.0363,  0.1471,  0.1721],
        [ 0.0369, -0.1855,  0.1389, -0.0438,  0.1473,  0.1703],
        [ 0.0495, -0.1720,  0.1563, -0.0380,  0.1471,  0.1734],
        [ 0.0498, -0.1717,  0.1569, -0.0378,  0.1471,  0.1732],
        [ 0.0513, -0.1701,  0.1600, -0.0369,  0.1471,  0.1725],
        [ 0.0469, -0.1746,  0.1530, -0.0390,  0.1470,  0.1740],
        [ 0.0410, -0.1813,  0.1437, -0.0422,  0.1473,  0.1717],
        [ 0.0461, -0.1755,  0.1521, -0.0394,  0.1470,  0.1739],
        [ 0.0420, -0.1805,  0.1444, -0.0418,  0.1473,  0.1720],
        [ 0.0438, -0.1780,  0.1488, -0.0405,  0.1471,  0.1730],
        [ 0.0544, -0.1657,  0.1692, -0.0351,  0.1474,  0.1701],
        [ 0.0510, -0.1704,  0.1594, -0.0370,  0.1471,  0.1727]]), shape = torch.Size([56, 6])
decoder space = tensor([[-7.5742e-02,  3.1766e-01, -7.2570e-02,  3.2879e-01,  2.2792e-02,
          1.0610e-01, -1.1181e-01,  1.7468e-01,  3.0989e-01,  3.4870e-01,
          2.2283e-01,  2.7515e-01],
        [-2.9135e-01,  4.3950e-01, -5.5522e-01,  4.2510e-01, -4.0690e-01,
         -7.9818e-02, -5.3853e-01,  4.8170e-01,  6.5060e-01,  5.5088e-01,
          3.0249e-01,  7.6466e-01],
        [ 1.8941e-02,  1.7987e-01,  1.8844e-01,  2.0442e-01,  2.3626e-01,
          1.5494e-01,  1.0603e-01,  2.8196e-03,  6.7160e-02,  1.3160e-01,
          1.0368e-01, -3.8723e-02],
        [-3.4378e-01,  4.6363e-01, -6.2617e-01,  4.4407e-01, -4.4516e-01,
         -1.2917e-01, -6.0090e-01,  5.4759e-01,  6.9355e-01,  5.7462e-01,
          3.2391e-01,  8.2226e-01],
        [ 1.8082e-01, -2.7605e-01,  5.5863e-01, -2.2456e-01,  4.3470e-01,
          1.5048e-01,  4.3429e-01, -3.2939e-01, -4.3863e-01, -4.0682e-01,
         -2.5226e-01, -6.1035e-01],
        [ 4.2864e-02,  1.2851e-01,  2.4683e-01,  1.5675e-01,  2.7540e-01,
          1.6108e-01,  1.5655e-01, -4.2683e-02,  3.9520e-04,  6.5473e-02,
          6.2491e-02, -1.1876e-01],
        [ 1.3697e-01, -1.1470e-01,  4.6047e-01, -7.1226e-02,  3.9405e-01,
          1.6841e-01,  3.4419e-01, -2.2950e-01, -2.7702e-01, -2.2558e-01,
         -1.2923e-01, -4.3607e-01],
        [ 2.2313e-01, -7.8735e-01,  5.7116e-01, -7.3557e-01,  2.1013e-01,
         -2.1806e-02,  4.4779e-01, -5.0424e-01, -7.6448e-01, -8.5533e-01,
         -5.9660e-01, -8.2713e-01],
        [ 1.9919e-01, -4.7107e-01,  5.9718e-01, -4.2171e-01,  3.8256e-01,
          9.2200e-02,  4.5961e-01, -4.0406e-01, -5.8389e-01, -6.0085e-01,
         -3.8918e-01, -7.2307e-01],
        [ 1.0350e-01, -2.3276e-02,  3.8917e-01,  1.4874e-02,  3.5852e-01,
          1.6833e-01,  2.8008e-01, -1.6252e-01, -1.7812e-01, -1.2043e-01,
         -5.8501e-02, -3.2554e-01],
        [ 9.5668e-02, -3.3006e-03,  3.7079e-01,  3.3549e-02,  3.4797e-01,
          1.6752e-01,  2.6416e-01, -1.4692e-01, -1.5486e-01, -9.6005e-02,
         -4.2524e-02, -2.9868e-01],
        [ 1.9792e-01, -4.5075e-01,  5.9554e-01, -4.0090e-01,  3.9125e-01,
          9.8845e-02,  4.5931e-01, -3.9730e-01, -5.7040e-01, -5.8166e-01,
         -3.7524e-01, -7.1437e-01],
        [-3.8503e-02,  2.7235e-01,  3.2803e-02,  2.8860e-01,  1.1299e-01,
          1.2729e-01, -2.4550e-02,  1.0886e-01,  2.1786e-01,  2.7267e-01,
          1.8429e-01,  1.5409e-01],
        [-3.1146e-01,  4.4881e-01, -5.8185e-01,  4.3237e-01, -4.2119e-01,
         -9.8581e-02, -5.6226e-01,  5.0688e-01,  6.6681e-01,  5.5955e-01,
          3.1050e-01,  7.8646e-01],
        [ 4.8997e-02,  1.1428e-01,  2.6127e-01,  1.4346e-01,  2.8437e-01,
          1.6222e-01,  1.6916e-01, -5.4448e-02, -1.7041e-02,  4.7905e-02,
          5.1309e-02, -1.3922e-01],
        [ 2.1733e-01, -1.2504e+00, -2.1919e-01, -1.1760e+00, -7.1838e-01,
         -3.1253e-01,  4.4771e-02, -4.4951e-01, -6.2003e-01, -7.5299e-01,
         -7.4931e-01, -4.1163e-01],
        [ 1.5351e-02,  1.8590e-01,  1.7871e-01,  2.0992e-01,  2.2868e-01,
          1.5328e-01,  9.7888e-02,  9.5239e-03,  7.6723e-02,  1.4071e-01,
          1.0897e-01, -2.6559e-02],
        [ 1.9826e-01, -4.5621e-01,  5.9598e-01, -4.0649e-01,  3.8891e-01,
          9.7058e-02,  4.5939e-01, -3.9911e-01, -5.7403e-01, -5.8682e-01,
         -3.7899e-01, -7.1671e-01],
        [-3.3293e-01,  4.5871e-01, -6.1099e-01,  4.4017e-01, -4.3691e-01,
         -1.1881e-01, -5.8784e-01,  5.3389e-01,  6.8446e-01,  5.6937e-01,
          3.1933e-01,  8.1012e-01],
        [-2.1761e-01,  4.0708e-01, -4.3659e-01,  4.0081e-01, -3.1866e-01,
         -1.2157e-02, -4.2884e-01,  3.8765e-01,  5.7440e-01,  5.1355e-01,
          2.7982e-01,  6.5370e-01],
        [-8.3425e-02,  3.2645e-01, -9.4527e-02,  3.3656e-01,  3.7263e-03,
          1.0157e-01, -1.2997e-01,  1.8812e-01,  3.2871e-01,  3.6379e-01,
          2.3019e-01,  3.0003e-01],
        [ 3.2087e-02,  1.5353e-01,  2.2147e-01,  1.8012e-01,  2.5963e-01,
          1.5907e-01,  1.3440e-01, -2.2008e-02,  3.1033e-02,  9.6343e-02,
          8.2140e-02, -8.2801e-02],
        [ 1.7104e-01, -2.2477e-01,  5.3161e-01, -1.7497e-01,  4.2432e-01,
          1.6101e-01,  4.1008e-01, -3.0225e-01, -3.8896e-01, -3.4799e-01,
         -2.1323e-01, -5.5788e-01],
        [ 5.5735e-02,  9.8534e-02,  2.7713e-01,  1.2876e-01,  2.9418e-01,
          1.6343e-01,  1.8300e-01, -6.7406e-02, -3.6252e-02,  2.8494e-02,
          3.8929e-02, -1.6175e-01],
        [ 1.2750e-01, -8.8166e-02,  4.4086e-01, -4.6245e-02,  3.8465e-01,
          1.6875e-01,  3.2625e-01, -2.1046e-01, -2.4889e-01, -1.9562e-01,
         -1.0893e-01, -4.0482e-01],
        [ 1.9579e-01, -4.1659e-01,  5.9277e-01, -3.6589e-01,  4.0586e-01,
          1.1002e-01,  4.5882e-01, -3.8593e-01, -5.4771e-01, -5.4938e-01,
         -3.5180e-01, -6.9975e-01],
        [-5.4914e-02,  2.9370e-01, -1.3402e-02,  3.0767e-01,  7.4095e-02,
          1.1830e-01, -6.2788e-02,  1.3823e-01,  2.5900e-01,  3.0779e-01,
          2.0267e-01,  2.0789e-01],
        [ 1.9495e-01, -4.0310e-01,  5.9168e-01, -3.5207e-01,  4.1163e-01,
          1.1443e-01,  4.5862e-01, -3.8144e-01, -5.3876e-01, -5.3664e-01,
         -3.4254e-01, -6.9398e-01],
        [-2.7953e-01,  4.3401e-01, -5.4015e-01,  4.2086e-01, -3.9887e-01,
         -6.8945e-02, -5.2477e-01,  4.6700e-01,  6.4134e-01,  5.4623e-01,
          2.9798e-01,  7.5215e-01],
        [-4.8121e-03,  2.1968e-01,  1.2412e-01,  2.4076e-01,  1.8608e-01,
          1.4394e-01,  5.2167e-02,  4.7151e-02,  1.3039e-01,  1.9182e-01,
          1.3859e-01,  4.1724e-02],
        [ 1.2314e-01, -7.6188e-02,  4.3158e-01, -3.4943e-02,  3.8012e-01,
          1.6876e-01,  3.1795e-01, -2.0172e-01, -2.3600e-01, -1.8183e-01,
         -9.9649e-02, -3.9047e-01],
        [-2.8803e-01,  4.3796e-01, -5.5099e-01,  4.2391e-01, -4.0464e-01,
         -7.6761e-02, -5.3466e-01,  4.7757e-01,  6.4800e-01,  5.4957e-01,
          3.0122e-01,  7.6115e-01],
        [ 1.7792e-03,  2.0868e-01,  1.4195e-01,  2.3072e-01,  2.0002e-01,
          1.4701e-01,  6.7113e-02,  3.4872e-02,  1.1288e-01,  1.7518e-01,
          1.2896e-01,  1.9433e-02],
        [ 1.9966e-01, -4.7856e-01,  5.9779e-01, -4.2939e-01,  3.7936e-01,
          8.9748e-02,  4.5972e-01, -4.0655e-01, -5.8887e-01, -6.0793e-01,
         -3.9432e-01, -7.2628e-01],
        [-7.7505e-02,  3.1967e-01, -7.7608e-02,  3.3058e-01,  1.8418e-02,
          1.0506e-01, -1.1597e-01,  1.7776e-01,  3.1421e-01,  3.5216e-01,
          2.2452e-01,  2.8086e-01],
        [-3.2688e-01,  4.5592e-01, -6.0277e-01,  4.3797e-01, -4.3247e-01,
         -1.1310e-01, -5.8062e-01,  5.2627e-01,  6.7949e-01,  5.6660e-01,
          3.1684e-01,  8.0345e-01],
        [ 1.9089e-01, -3.3567e-01,  5.8560e-01, -2.8288e-01,  4.3985e-01,
          1.3651e-01,  4.5745e-01, -3.5898e-01, -4.9351e-01, -4.7226e-01,
         -2.9609e-01, -6.6459e-01],
        [ 2.0306e-01, -5.3307e-01,  6.0220e-01, -4.8525e-01,  3.5605e-01,
          7.1918e-02,  4.6051e-01, -4.2468e-01, -6.2506e-01, -6.5942e-01,
         -4.3172e-01, -7.4961e-01],
        [-2.6368e-01,  4.2494e-01, -5.2060e-01,  4.1389e-01, -3.8762e-01,
         -5.5265e-02, -5.0551e-01,  4.4698e-01,  6.2771e-01,  5.3860e-01,
          2.9079e-01,  7.3326e-01],
        [ 8.6186e-02,  2.0878e-02,  3.4855e-01,  5.6155e-02,  3.3520e-01,
          1.6655e-01,  2.4489e-01, -1.2804e-01, -1.2670e-01, -6.6444e-02,
         -2.3184e-02, -2.6617e-01],
        [-3.4240e-01,  4.6301e-01, -6.2424e-01,  4.4357e-01, -4.4411e-01,
         -1.2786e-01, -5.9924e-01,  5.4585e-01,  6.9239e-01,  5.7395e-01,
          3.2333e-01,  8.2072e-01],
        [-1.3093e-01,  3.7207e-01, -2.2933e-01,  3.7536e-01, -1.1969e-01,
          6.7555e-02, -2.4370e-01,  2.6771e-01,  4.3625e-01,  4.4482e-01,
          2.6552e-01,  4.4731e-01],
        [ 1.4488e-02,  1.8735e-01,  1.7637e-01,  2.1125e-01,  2.2686e-01,
          1.5288e-01,  9.5930e-02,  1.1136e-02,  7.9023e-02,  1.4291e-01,
          1.1024e-01, -2.3633e-02],
        [-3.2403e-01,  4.5460e-01, -5.9890e-01,  4.3694e-01, -4.3038e-01,
         -1.1042e-01, -5.7723e-01,  5.2268e-01,  6.7714e-01,  5.6530e-01,
          3.1567e-01,  8.0030e-01],
        [-1.3044e-01,  3.7166e-01, -2.2792e-01,  3.7503e-01, -1.1835e-01,
          6.7957e-02, -2.4249e-01,  2.6690e-01,  4.3519e-01,  4.4406e-01,
          2.6523e-01,  4.4582e-01],
        [ 2.0222e-01, -5.1969e-01,  6.0112e-01, -4.7153e-01,  3.6177e-01,
          7.6296e-02,  4.6031e-01, -4.2023e-01, -6.1617e-01, -6.4678e-01,
         -4.2254e-01, -7.4388e-01],
        [-3.6139e-02,  2.6897e-01,  3.9336e-02,  2.8556e-01,  1.1836e-01,
          1.2853e-01, -1.9109e-02,  1.0458e-01,  2.1186e-01,  2.6730e-01,
          1.8137e-01,  1.4629e-01],
        [-4.9424e-02,  2.8721e-01,  2.2601e-03,  3.0195e-01,  8.7578e-02,
          1.2144e-01, -4.9871e-02,  1.2853e-01,  2.4545e-01,  2.9675e-01,
          1.9715e-01,  1.9005e-01],
        [-1.0001e-01,  3.4510e-01, -1.4164e-01,  3.5300e-01, -3.7372e-02,
          9.1642e-02, -1.6910e-01,  2.1693e-01,  3.6897e-01,  3.9576e-01,
          2.4568e-01,  3.5339e-01],
        [ 6.5532e-02,  7.3549e-02,  3.0011e-01,  1.0540e-01,  3.0737e-01,
          1.6444e-01,  2.0291e-01, -8.6915e-02, -6.5351e-02, -2.0509e-03,
          1.8945e-02, -1.9534e-01],
        [ 1.9646e-01, -4.2738e-01,  5.9364e-01, -3.7695e-01,  4.0125e-01,
          1.0649e-01,  4.5898e-01, -3.8952e-01, -5.5488e-01, -5.5958e-01,
         -3.5920e-01, -7.0437e-01],
        [ 9.7556e-02, -8.1147e-03,  3.7522e-01,  2.9048e-02,  3.5051e-01,
          1.6772e-01,  2.6800e-01, -1.5068e-01, -1.6047e-01, -1.0189e-01,
         -4.6374e-02, -3.0515e-01],
        [ 1.9545e-01, -4.1114e-01,  5.9233e-01, -3.6031e-01,  4.0819e-01,
          1.1180e-01,  4.5874e-01, -3.8412e-01, -5.4410e-01, -5.4424e-01,
         -3.4806e-01, -6.9742e-01],
        [ 1.8359e-01, -2.9019e-01,  5.6627e-01, -2.3822e-01,  4.3778e-01,
          1.4763e-01,  4.4115e-01, -3.3695e-01, -4.5246e-01, -4.2306e-01,
         -2.6301e-01, -6.2502e-01],
        [-2.3462e-01,  4.1070e-01, -4.7339e-01,  4.0308e-01, -3.5320e-01,
         -2.8978e-02, -4.6226e-01,  4.0915e-01,  5.9690e-01,  5.2168e-01,
          2.7994e-01,  6.8858e-01],
        [-8.9358e-02,  3.3321e-01, -1.1146e-01,  3.4253e-01, -1.0993e-02,
          9.8054e-02, -1.4399e-01,  1.9849e-01,  3.4321e-01,  3.7538e-01,
          2.3584e-01,  3.1922e-01]]), shape = torch.Size([56, 12])
y_true space = [[-4.98609275e-01  5.86929262e-01 -3.25965047e-01  1.19066632e+00
   4.51900601e-01 -6.68303311e-01 -6.56723201e-01 -1.02331400e+00
  -2.10636795e-01 -3.25754285e-01  1.58511627e+00  1.04415417e+00]
 [ 3.47515553e-01 -3.06422621e-01 -1.41514647e+00  3.16593319e-01
  -2.35818624e-01  1.08809125e+00 -8.01867008e-01  3.45312171e-02
   8.17850173e-01  2.02155519e+00 -7.97101557e-01  1.29790199e+00]
 [ 3.47515553e-01 -6.71557784e-01 -1.37957960e-01 -8.82080555e-01
   8.75402451e-01 -1.72219992e+00 -1.04438579e+00 -6.97099030e-01
   7.02980980e-02 -3.63583773e-01  2.28544220e-01  9.91082668e-01]
 [ 6.29557192e-01  1.41401458e+00 -2.23993921e+00  4.16502804e-01
  -1.03821015e+00 -3.17054361e-01 -1.44766510e+00  8.21054280e-01
  -3.49294811e-01  3.87328565e-01 -5.52872956e-01  9.91082668e-01]
 [-4.98609275e-01 -7.33419597e-01  1.17019331e+00 -1.57841817e-01
  -3.63686025e-01  3.85518432e-01  1.18329597e+00 -2.94035643e-01
   2.14986041e-01 -4.42079782e-01  5.64003825e-01 -1.58067381e+00]
 [-4.98609275e-01 -9.95899439e-01  1.26645461e-01 -3.82593185e-01
   1.06296229e+00 -1.92127571e-01  2.44273996e+00 -2.94035643e-01
   1.09034407e+00  4.07188863e-01  1.58511627e+00  3.14420789e-01]
 [-2.16567665e-01  4.19348031e-01 -2.01464221e-01  4.66427565e-01
   8.13196719e-01 -1.99921444e-01  1.22276433e-01 -6.16329610e-01
  -2.41470790e+00 -1.37835574e+00 -9.55764651e-01  1.61025000e+00]
 [-4.98609275e-01 -1.29879069e+00  7.36594617e-01 -8.57088208e-01
  -5.08204460e-01 -5.67957103e-01  1.60858959e-01 -2.29680610e+00
   7.73237884e-01 -3.21118617e+00 -2.09417462e+00 -2.70471007e-01]
 [-4.98609275e-01 -1.22371399e+00  1.25171468e-01 -1.33158326e+00
  -4.29179370e-02  6.19709373e-01  1.03447771e+00  1.08243398e-01
  -5.87147847e-02 -2.93599725e-01 -1.66521692e+00  1.13702929e+00]
 [-7.80650914e-01 -1.06139958e+00  4.59363967e-01  4.66427565e-01
   1.14181900e+00  6.19709373e-01  1.62883234e+00 -2.94035643e-01
   8.11501369e-02  4.86630112e-01  4.18373525e-01 -7.53090084e-01]
 [ 6.29557192e-01  7.70885348e-01 -4.73168552e-01 -1.88093555e+00
   1.13019478e+00  6.19709373e-01  8.64530802e-01  3.45312171e-02
   1.06743586e+00  6.66319549e-01 -2.24213377e-01 -1.42809319e+00]
 [ 9.11598802e-01 -1.52459395e+00  1.66078043e+00 -4.82502639e-01
  -6.45956993e-02  6.19709373e-01  1.06754839e+00 -6.97099030e-01
  -5.92852414e-01 -9.31969583e-01 -1.73831546e+00  1.57970771e-01]
 [ 3.47515553e-01  1.06295586e+00 -5.67469954e-01  5.91329396e-01
   9.77507889e-01 -1.99921444e-01 -1.22994936e+00  3.45312171e-02
   2.72860467e-01 -4.80854452e-01  9.32329535e-01  1.74555361e-01]
 [-4.98609275e-01  1.41401458e+00 -1.28565490e+00  7.91088402e-01
  -2.79174149e-01 -5.51245272e-01 -1.11328316e+00  4.76019353e-01
   8.08204114e-01  1.20160484e+00 -6.96803391e-01 -8.25097933e-02]
 [-7.80650914e-01  1.76307157e-01  5.86001575e-01  2.66668558e-01
  -9.09860209e-02  7.36842275e-01 -9.26800907e-01  1.08243398e-01
  -2.92626351e-01 -4.13707495e-01 -6.24271631e-01 -2.38959819e-01]
 [-1.06269252e+00  7.36507893e-01 -6.98026597e-01 -4.22835875e+00
  -4.34705400e+00  3.41945849e-02 -1.03244352e+00 -2.94035643e-01
   2.14986041e-01  1.53732374e-01 -1.06116247e+00 -7.53090084e-01]
 [-1.06269252e+00 -5.90726770e-02  6.45247340e-01  5.66337049e-01
   1.93966627e-01  4.63607043e-01 -1.22079588e-01  1.08243398e-01
  -2.49220058e-01 -1.09841812e+00  5.76470315e-01  1.24483061e+00]
 [ 9.11598802e-01 -2.18534327e+00  2.37461734e+00 -9.81930137e-01
   1.50437176e+00 -6.01455688e-01  1.08408380e+00 -1.08683157e+00
  -7.21865296e-01 -3.38994503e-01 -1.59047976e-01 -5.78949153e-01]
 [ 2.03976536e+00  1.29431379e+00 -9.45996225e-01  1.66510141e+00
  -4.63278085e-01 -3.82991838e+00 -3.12692380e+00  2.32038713e+00
  -7.21865296e-01  1.02853549e+00  3.82674009e-01 -1.96986485e+00]
 [ 3.47515553e-01  3.91003102e-01 -3.87763023e-01  1.41826659e-01
  -9.71605957e-01 -7.85436213e-01  3.59283417e-01  4.02307183e-01
   4.38045591e-01  8.78163576e-01  1.33346185e-01  9.87212896e-01]
 [ 9.11598802e-01 -1.09089375e+00 -1.50431469e-01  4.66427565e-01
  -6.22248352e-01  9.70958054e-01 -7.79819846e-01  3.45312171e-02
   9.84240353e-01  1.09284544e+00  1.13349175e+00  3.18843514e-01]
 [-2.16567665e-01  1.18265676e+00 -5.24549663e-01  1.04083204e+00
  -9.76632655e-01 -1.01962721e+00 -4.52786982e-01 -2.94035643e-01
  -1.27167714e+00  1.75483823e-01 -8.77566457e-01 -1.13454163e+00]
 [ 9.11598802e-01  1.07090402e+00  2.87092805e-01 -1.15675664e+00
   8.11940014e-01  5.02576470e-01  7.14793861e-01 -1.42559302e+00
   2.54774362e-01 -6.50140762e-01  4.50106084e-01 -1.25671649e+00]
 [-1.06269252e+00  6.49173856e-01  7.14589655e-02  1.41541767e+00
   2.02135056e-01 -3.17054361e-01  8.02063882e-01 -2.94035643e-01
  -1.52005768e+00 -1.04262018e+00 -1.26181886e-01  7.57236242e-01]
 [-7.80650914e-01 -1.50984681e+00  5.94944835e-01  6.91178918e-01
  -5.04916883e-04 -9.02569175e-01 -1.34021804e-01 -1.02331400e+00
  -1.17795207e-01 -7.61737287e-01  5.76470315e-01 -3.67215931e-01]
 [ 3.47515553e-01 -3.14466476e-01  2.57295728e-01 -1.55633461e+00
   9.16872978e-01 -1.40325058e+00  9.51800823e-01  3.45312171e-02
   1.64739084e+00  6.01049960e-02 -1.60798466e+00 -2.14676976e+00]
 [ 1.75772369e+00  7.59681702e-01  9.95682105e-02  1.01583970e+00
   4.44988877e-01 -3.09260488e-01  1.13368988e+00  2.32038713e+00
  -1.91344708e-01 -5.70699573e-01  1.84407711e+00  1.57929170e+00]
 [ 3.47515553e-01 -6.17644906e-01  4.71449047e-01 -8.00758041e-03
   9.39493239e-01  3.85518432e-01  1.85662016e-01 -1.42559302e+00
  -6.84488058e-01 -7.42822945e-01 -6.97936952e-01 -9.09540534e-01]
 [ 2.03976536e+00  6.94277227e-01 -5.27926147e-01  5.16412258e-01
  -8.92120838e-01 -8.28634277e-02 -2.74572432e-01  1.18020380e+00
   1.65944791e+00  1.62718475e+00 -3.19977760e-01  2.50292957e-01]
 [ 6.54739439e-02  3.35174590e-01 -1.02294743e+00  9.18419808e-02
   6.71505809e-01  1.43933988e+00 -8.71715844e-02 -6.97099030e-01
   2.72860467e-01  1.64231610e+00  4.50106084e-01  2.51951367e-01]
 [ 3.47515553e-01  1.05012369e+00  1.42178071e+00  1.26558340e+00
   4.55356479e-01 -3.17054361e-01 -3.26015800e-01  8.21054280e-01
  -2.50875449e+00 -7.19179630e-01 -3.54543746e-01 -6.69059992e-01]
 [-1.90881741e+00  8.33234489e-02 -8.56156051e-01 -9.81930137e-01
  -1.59680521e+00  2.21547335e-01 -1.15278435e+00  1.68913054e+00
  -6.33846760e-01  4.17591989e-01 -2.77478635e-01 -2.70471007e-01]
 [ 1.47568202e+00  1.18265676e+00 -4.98805344e-01  1.44035006e+00
  -4.02643174e-01 -5.74626923e-01  8.28704178e-01  1.97770512e+00
  -1.10287499e+00 -4.13707495e-01  1.02242744e+00 -6.54686809e-01]
 [ 1.19364035e+00 -5.77424884e-01  1.23968875e+00 -5.07494986e-01
  -1.34609723e+00  1.98165685e-01  4.40122992e-01 -1.42559302e+00
  -2.00476003e+00 -5.14900923e-01 -1.27365816e+00 -2.49463692e-01]
 [-4.98609275e-01  1.30235755e+00 -2.84370720e-01  4.41495121e-01
   4.08545077e-01  4.98572476e-02  4.99834061e-01  1.08243398e-01
   1.40865624e+00 -1.81057245e-01  1.58511627e+00  3.70809495e-01]
 [-1.06269252e+00 -5.37109852e-01  8.75759721e-01 -4.07585502e-01
  -1.20409214e+00 -8.28634277e-02 -1.17942464e+00  1.25077915e+00
   2.07542467e+00 -5.99071085e-01  2.14944199e-01  1.90048468e+00]
 [ 3.47515553e-01 -1.08495688e+00 -5.31308770e-01 -1.57841817e-01
  -2.42416203e-01  1.15831077e+00 -6.08035743e-01 -3.59906226e-01
  -6.98956192e-01 -4.63831246e-01 -9.27494541e-02 -5.07634282e-01]
 [-2.16567665e-01 -1.08170068e+00  5.54234922e-01 -3.07676047e-01
   5.07822990e-01  1.10480309e+00  4.83298689e-01 -1.02331400e+00
  -1.75879145e+00 -2.00348544e+00 -9.32532072e-01 -2.49615693e+00]
 [-1.06269252e+00  1.19979799e+00 -9.68276978e-01  9.15930271e-01
  -4.02957350e-01  1.08809125e+00 -1.23546112e+00  4.76019353e-01
   1.83636844e-01  2.45468602e-01 -2.23646596e-01  2.28732690e-01]
 [ 2.03976536e+00 -5.13552487e-01 -9.75270748e-01 -8.82080555e-01
   1.00326991e+00 -4.34187293e-01  1.66337956e-02  4.02307183e-01
  -2.49545388e-02  3.93948674e-01 -1.11726129e+00  4.81928051e-01]
 [-4.98609275e-01 -1.55970883e-02 -9.21437621e-01  3.41585666e-01
  -1.33981383e+00 -1.13668513e+00 -1.00855911e+00  1.68913054e+00
   4.46485639e-01  5.33916771e-01  6.30302370e-01  7.57236242e-01]
 [ 6.29557192e-01  4.29690361e-01 -7.93493688e-01 -3.57660741e-01
   8.25763524e-01 -7.85436213e-01 -8.46879959e-01 -3.59906226e-01
   8.95016670e-01  9.95434999e-01  2.28544220e-01  4.96854246e-01]
 [-1.62677574e+00  8.69806647e-01  4.55138832e-02  3.41585666e-01
  -1.30556917e+00 -5.51245272e-01  1.03815222e+00 -1.02331400e+00
   5.46239652e-02  2.13295911e-02  1.58511627e+00 -7.53090084e-01]
 [-1.90881741e+00  1.05893385e+00 -4.68867600e-01  2.91660905e-01
  -7.55142450e-01 -8.28634277e-02 -1.67092532e-01  1.25077915e+00
   6.40607953e-01  1.25267375e+00  1.10062611e+00  9.40775096e-01]
 [-7.80650914e-01  1.11083615e+00 -3.77051353e-01  9.65914965e-01
  -1.01353653e-01  7.36842275e-01  1.64261186e+00  4.76019353e-01
   2.00187516e+00  1.21484506e+00 -6.78164959e-02  4.73635554e-01]
 [-2.16567665e-01 -1.95235729e+00  4.12581921e+00 -1.35651577e+00
   9.18129623e-01 -1.99921444e-01  3.14270467e-01 -2.29680610e+00
  -1.36331272e+00 -1.20623231e+00 -1.11669493e+00 -6.53028369e-01]
 [ 1.19364035e+00  5.35793364e-01 -8.71811807e-01  9.40922618e-01
  -3.88191313e-01 -1.29701614e-01  1.30731130e+00  1.18020380e+00
  -4.30406481e-02  2.82352120e-01  9.32329535e-01  3.52013111e-01]
 [-1.06269252e+00 -1.63797510e+00 -4.90203857e-01 -1.32909372e-01
   8.26077700e-01  5.02576470e-01 -6.33757412e-01  1.08243398e-01
   8.43170345e-01  1.73783529e+00 -9.82397497e-01  8.52875650e-01]
 [ 9.11598802e-01  6.56739235e-01 -1.31707504e-01  2.66668558e-01
   3.25604081e-01 -3.17054361e-01 -1.16840100e+00  4.02307183e-01
   3.70524168e-01 -5.88667989e-01  1.14079684e-01  1.19728732e+00]
 [-1.62677574e+00  9.60396171e-01  6.11696579e-02  3.41585666e-01
   2.37007990e-01 -9.02569175e-01  9.13218319e-01  1.08243398e-01
   3.46409976e-01 -1.14475954e+00  7.87266016e-01 -1.22852218e+00]
 [ 9.11598802e-01 -1.23013008e+00  1.07786798e+00 -6.57329202e-01
  -5.55958390e-01  8.92944634e-01  6.12825751e-01 -3.59906226e-01
   2.94563621e-01 -1.06248045e+00 -8.48666906e-01 -3.20225626e-01]
 [ 1.19364035e+00 -5.42843491e-02 -3.88104826e-01  9.15930271e-01
   6.27836108e-01  5.10445237e-01  6.66106403e-01 -6.97099030e-01
  -5.07245839e-01 -8.02403867e-01  1.84407711e+00 -1.28712177e+00]
 [ 6.29557192e-01 -1.23491836e+00 -3.74773920e-01 -8.82080555e-01
   4.35563743e-01 -1.99921444e-01 -6.50292814e-01 -1.08683157e+00
  -9.84714091e-01  6.23761833e-01 -9.80697632e-01  4.51522350e-01]
 [-1.34473407e+00 -9.23696041e-01  1.31750393e+00 -9.32005346e-01
   1.65454531e+00 -5.51245272e-01  8.47995460e-01  4.76019353e-01
  -6.14555597e-01  7.99668252e-01 -1.12406123e+00 -7.33188272e-01]
 [-2.16567665e-01  1.23848522e+00 -6.72469974e-01  1.41826659e-01
  -1.01747489e+00  3.66419148e+00 -6.36513293e-01  4.76019353e-01
   8.43170345e-01  1.73783529e+00  1.10062611e+00  2.18228832e-01]
 [-7.80650914e-01 -2.00319573e-01  1.22753397e-01  7.41163611e-01
   1.19177210e+00  1.32228220e+00 -5.03311753e-01  4.76019353e-01
   5.70675492e-01  6.60645366e-01  1.58511627e+00  1.46264493e+00]], shape = (56, 12)
Wed Jun  5 10:05:55 CEST 2024
